<?xml version="1.0" encoding="UTF-8"?>
<definitions xmlns="http://www.omg.org/spec/BPMN/20100524/MODEL"
           xmlns:flowable="http://flowable.org/bpmn"
           targetNamespace="http://flowable.org/bpmn">
    <process id="test-process" name="测试流程">
        <startEvent id="start" name="开始"/>
        <userTask id="task1" name="测试任务" flowable:assignee="${assignee}"/>
        <endEvent id="end" name="结束"/>
        <sequenceFlow id="flow1" sourceRef="start" targetRef="task1"/>
        <sequenceFlow id="flow2" sourceRef="task1" targetRef="end"/>
    </process>
</definitions> 